  [1m[36m (8.1ms)[0m  [1mCREATE TABLE "schema_migrations" ("version" varchar NOT NULL) [0m
  [1m[35m (0.1ms)[0m  select sqlite_version(*)
  [1m[36m (5.1ms)[0m  [1mCREATE UNIQUE INDEX "unique_schema_migrations" ON "schema_migrations" ("version")[0m
  [1m[35mActiveRecord::SchemaMigration Load (0.1ms)[0m  SELECT "schema_migrations".* FROM "schema_migrations"
Migrating to CreateFridges (20150328204821)
  [1m[36m (0.1ms)[0m  [1mbegin transaction[0m
  [1m[35m (0.4ms)[0m  CREATE TABLE "fridges" ("id" INTEGER PRIMARY KEY AUTOINCREMENT NOT NULL, "created_at" datetime NOT NULL, "updated_at" datetime NOT NULL) 
  [1m[36mSQL (0.2ms)[0m  [1mINSERT INTO "schema_migrations" ("version") VALUES (?)[0m  [["version", "20150328204821"]]
  [1m[35m (5.6ms)[0m  commit transaction
Migrating to CreateFoods (20150328204835)
  [1m[36m (0.1ms)[0m  [1mbegin transaction[0m
  [1m[35m (0.3ms)[0m  CREATE TABLE "foods" ("id" INTEGER PRIMARY KEY AUTOINCREMENT NOT NULL, "name" varchar, "fridge_id" integer, "quantity" integer, "created_at" datetime NOT NULL, "updated_at" datetime NOT NULL) 
  [1m[36mSQL (0.1ms)[0m  [1mINSERT INTO "schema_migrations" ("version") VALUES (?)[0m  [["version", "20150328204835"]]
  [1m[35m (4.1ms)[0m  commit transaction
Migrating to CreateIngredients (20150328204855)
  [1m[36m (0.1ms)[0m  [1mbegin transaction[0m
  [1m[35m (0.3ms)[0m  CREATE TABLE "ingredients" ("id" INTEGER PRIMARY KEY AUTOINCREMENT NOT NULL, "name" varchar, "recipe_id" integer, "quantity" integer, "created_at" datetime NOT NULL, "updated_at" datetime NOT NULL) 
  [1m[36mSQL (0.2ms)[0m  [1mINSERT INTO "schema_migrations" ("version") VALUES (?)[0m  [["version", "20150328204855"]]
  [1m[35m (6.2ms)[0m  commit transaction
Migrating to CreateRecipes (20150328205002)
  [1m[36m (0.1ms)[0m  [1mbegin transaction[0m
  [1m[35m (0.3ms)[0m  CREATE TABLE "recipes" ("id" INTEGER PRIMARY KEY AUTOINCREMENT NOT NULL, "name" varchar, "direction" text, "time" float, "created_at" datetime NOT NULL, "updated_at" datetime NOT NULL) 
  [1m[36mSQL (0.2ms)[0m  [1mINSERT INTO "schema_migrations" ("version") VALUES (?)[0m  [["version", "20150328205002"]]
  [1m[35m (7.2ms)[0m  commit transaction
  [1m[36mActiveRecord::SchemaMigration Load (0.1ms)[0m  [1mSELECT "schema_migrations".* FROM "schema_migrations"[0m
  [1m[36m (12.3ms)[0m  [1mCREATE TABLE "schema_migrations" ("version" varchar NOT NULL) [0m
  [1m[35m (0.1ms)[0m  select sqlite_version(*)
  [1m[36m (4.9ms)[0m  [1mCREATE UNIQUE INDEX "unique_schema_migrations" ON "schema_migrations" ("version")[0m
  [1m[35mActiveRecord::SchemaMigration Load (0.1ms)[0m  SELECT "schema_migrations".* FROM "schema_migrations"
Migrating to CreateFridges (20150328204821)
  [1m[36m (0.1ms)[0m  [1mbegin transaction[0m
  [1m[35m (0.4ms)[0m  CREATE TABLE "fridges" ("id" INTEGER PRIMARY KEY AUTOINCREMENT NOT NULL, "created_at" datetime NOT NULL, "updated_at" datetime NOT NULL) 
  [1m[36mSQL (0.2ms)[0m  [1mINSERT INTO "schema_migrations" ("version") VALUES (?)[0m  [["version", "20150328204821"]]
  [1m[35m (9.1ms)[0m  commit transaction
Migrating to CreateFoods (20150328204835)
  [1m[36m (0.1ms)[0m  [1mbegin transaction[0m
  [1m[35m (0.4ms)[0m  CREATE TABLE "foods" ("id" INTEGER PRIMARY KEY AUTOINCREMENT NOT NULL, "name" varchar, "fridge_id" integer, "quantity" integer, "created_at" datetime NOT NULL, "updated_at" datetime NOT NULL) 
  [1m[36mSQL (0.1ms)[0m  [1mINSERT INTO "schema_migrations" ("version") VALUES (?)[0m  [["version", "20150328204835"]]
  [1m[35m (9.6ms)[0m  commit transaction
Migrating to CreateIngredients (20150328204855)
  [1m[36m (0.1ms)[0m  [1mbegin transaction[0m
  [1m[35m (0.4ms)[0m  CREATE TABLE "ingredients" ("id" INTEGER PRIMARY KEY AUTOINCREMENT NOT NULL, "name" varchar, "recipe_id" integer, "quantity" integer, "created_at" datetime NOT NULL, "updated_at" datetime NOT NULL) 
  [1m[36mSQL (0.2ms)[0m  [1mINSERT INTO "schema_migrations" ("version") VALUES (?)[0m  [["version", "20150328204855"]]
  [1m[35m (4.4ms)[0m  commit transaction
Migrating to CreateRecipes (20150328205002)
  [1m[36m (0.1ms)[0m  [1mbegin transaction[0m
  [1m[35m (0.3ms)[0m  CREATE TABLE "recipes" ("id" INTEGER PRIMARY KEY AUTOINCREMENT NOT NULL, "name" varchar, "direction" text, "cooking_time" float, "created_at" datetime NOT NULL, "updated_at" datetime NOT NULL) 
  [1m[36mSQL (0.1ms)[0m  [1mINSERT INTO "schema_migrations" ("version") VALUES (?)[0m  [["version", "20150328205002"]]
  [1m[35m (7.8ms)[0m  commit transaction
Migrating to AddAttachmentImageToRecipes (20150328212550)
  [1m[36m (0.1ms)[0m  [1mbegin transaction[0m
  [1m[35m (0.4ms)[0m  ALTER TABLE "recipes" ADD "image_file_name" varchar
  [1m[36m (0.2ms)[0m  [1mALTER TABLE "recipes" ADD "image_content_type" varchar[0m
  [1m[35m (0.2ms)[0m  ALTER TABLE "recipes" ADD "image_file_size" integer
  [1m[36m (0.2ms)[0m  [1mALTER TABLE "recipes" ADD "image_updated_at" datetime[0m
  [1m[35mSQL (0.2ms)[0m  INSERT INTO "schema_migrations" ("version") VALUES (?)  [["version", "20150328212550"]]
  [1m[36m (8.6ms)[0m  [1mcommit transaction[0m
  [1m[35mActiveRecord::SchemaMigration Load (0.1ms)[0m  SELECT "schema_migrations".* FROM "schema_migrations"


Started GET "/" for 127.0.0.1 at 2015-03-28 17:27:01 -0400
  [1m[36mActiveRecord::SchemaMigration Load (0.2ms)[0m  [1mSELECT "schema_migrations".* FROM "schema_migrations"[0m
Processing by RecipesController#index as HTML
Completed 500 Internal Server Error in 46ms

NameError (undefined local variable or method `cooking_time' for #<RecipesController:0xb5c6b500>):
  app/controllers/recipes_controller.rb:4:in `index'


  Rendered /home/csvm/.rvm/gems/ruby-2.2.0/gems/actionpack-4.2.0/lib/action_dispatch/middleware/templates/rescues/_source.erb (12.5ms)
  Rendered /home/csvm/.rvm/gems/ruby-2.2.0/gems/actionpack-4.2.0/lib/action_dispatch/middleware/templates/rescues/_trace.html.erb (7.7ms)
  Rendered /home/csvm/.rvm/gems/ruby-2.2.0/gems/actionpack-4.2.0/lib/action_dispatch/middleware/templates/rescues/_request_and_response.html.erb (17.4ms)
  Rendered /home/csvm/.rvm/gems/ruby-2.2.0/gems/actionpack-4.2.0/lib/action_dispatch/middleware/templates/rescues/diagnostics.html.erb within rescues/layout (88.9ms)
  Rendered /home/csvm/.rvm/gems/ruby-2.2.0/gems/web-console-2.1.2/lib/web_console/templates/_markup.html.erb (0.7ms)
  Rendered /home/csvm/.rvm/gems/ruby-2.2.0/gems/web-console-2.1.2/lib/web_console/templates/style.css.erb within layouts/inlined_string (0.8ms)
  Rendered /home/csvm/.rvm/gems/ruby-2.2.0/gems/web-console-2.1.2/lib/web_console/templates/_inner_console_markup.html.erb within layouts/inlined_string (0.0ms)
  Rendered /home/csvm/.rvm/gems/ruby-2.2.0/gems/web-console-2.1.2/lib/web_console/templates/_prompt_box_markup.html.erb within layouts/inlined_string (0.3ms)
  Rendered /home/csvm/.rvm/gems/ruby-2.2.0/gems/web-console-2.1.2/lib/web_console/templates/console.js.erb within layouts/javascript (24.4ms)
  Rendered /home/csvm/.rvm/gems/ruby-2.2.0/gems/web-console-2.1.2/lib/web_console/templates/main.js.erb within layouts/javascript (1.0ms)
  Rendered /home/csvm/.rvm/gems/ruby-2.2.0/gems/web-console-2.1.2/lib/web_console/templates/error_page.js.erb within layouts/javascript (0.6ms)
  Rendered /home/csvm/.rvm/gems/ruby-2.2.0/gems/web-console-2.1.2/lib/web_console/templates/index.html.erb (62.7ms)


Started GET "/" for 127.0.0.1 at 2015-03-28 17:27:03 -0400
Processing by RecipesController#index as HTML
Completed 500 Internal Server Error in 3ms

NameError (undefined local variable or method `cooking_time' for #<RecipesController:0xb55985c0>):
  app/controllers/recipes_controller.rb:4:in `index'


  Rendered /home/csvm/.rvm/gems/ruby-2.2.0/gems/actionpack-4.2.0/lib/action_dispatch/middleware/templates/rescues/_source.erb (7.2ms)
  Rendered /home/csvm/.rvm/gems/ruby-2.2.0/gems/actionpack-4.2.0/lib/action_dispatch/middleware/templates/rescues/_trace.html.erb (2.4ms)
  Rendered /home/csvm/.rvm/gems/ruby-2.2.0/gems/actionpack-4.2.0/lib/action_dispatch/middleware/templates/rescues/_request_and_response.html.erb (1.3ms)
  Rendered /home/csvm/.rvm/gems/ruby-2.2.0/gems/actionpack-4.2.0/lib/action_dispatch/middleware/templates/rescues/diagnostics.html.erb within rescues/layout (40.6ms)
  Rendered /home/csvm/.rvm/gems/ruby-2.2.0/gems/web-console-2.1.2/lib/web_console/templates/_markup.html.erb (0.3ms)
  Rendered /home/csvm/.rvm/gems/ruby-2.2.0/gems/web-console-2.1.2/lib/web_console/templates/style.css.erb within layouts/inlined_string (0.3ms)
  Rendered /home/csvm/.rvm/gems/ruby-2.2.0/gems/web-console-2.1.2/lib/web_console/templates/_inner_console_markup.html.erb within layouts/inlined_string (0.4ms)
  Rendered /home/csvm/.rvm/gems/ruby-2.2.0/gems/web-console-2.1.2/lib/web_console/templates/_prompt_box_markup.html.erb within layouts/inlined_string (0.5ms)
  Rendered /home/csvm/.rvm/gems/ruby-2.2.0/gems/web-console-2.1.2/lib/web_console/templates/console.js.erb within layouts/javascript (27.1ms)
  Rendered /home/csvm/.rvm/gems/ruby-2.2.0/gems/web-console-2.1.2/lib/web_console/templates/main.js.erb within layouts/javascript (0.4ms)
  Rendered /home/csvm/.rvm/gems/ruby-2.2.0/gems/web-console-2.1.2/lib/web_console/templates/error_page.js.erb within layouts/javascript (1.1ms)
  Rendered /home/csvm/.rvm/gems/ruby-2.2.0/gems/web-console-2.1.2/lib/web_console/templates/index.html.erb (60.8ms)


Started GET "/" for 127.0.0.1 at 2015-03-28 17:28:53 -0400
Processing by RecipesController#index as HTML
  [1m[35mRecipe Load (0.4ms)[0m  SELECT "recipes".* FROM "recipes"  ORDER BY "recipes"."cooking_time" ASC
  Rendered recipes/index.html.haml within layouts/application (21.3ms)
Completed 500 Internal Server Error in 30ms

ActionView::Template::Error (undefined method `Cooking' for #<#<Class:0xb4fcfa6c>:0xb4fcde9c>):
     6:       %th= link_to "Name", recipes_path(:query => "name")
     7:       %th Image
     8:       %th Description
     9:       %th= Cooking Time
    10:     -@recipes.each do |r|
    11:       %tr.recipe_row
    12:         %td.recipe_name= link_to r.name, recipe_path(r.id)
  app/views/recipes/index.html.haml:9:in `_app_views_recipes_index_html_haml__822639088__629249348'


  Rendered /home/csvm/.rvm/gems/ruby-2.2.0/gems/actionpack-4.2.0/lib/action_dispatch/middleware/templates/rescues/_source.erb (10.2ms)
  Rendered /home/csvm/.rvm/gems/ruby-2.2.0/gems/actionpack-4.2.0/lib/action_dispatch/middleware/templates/rescues/_trace.html.erb (5.2ms)
  Rendered /home/csvm/.rvm/gems/ruby-2.2.0/gems/actionpack-4.2.0/lib/action_dispatch/middleware/templates/rescues/_request_and_response.html.erb (2.8ms)
  Rendered /home/csvm/.rvm/gems/ruby-2.2.0/gems/actionpack-4.2.0/lib/action_dispatch/middleware/templates/rescues/template_error.html.erb within rescues/layout (41.5ms)
  Rendered /home/csvm/.rvm/gems/ruby-2.2.0/gems/web-console-2.1.2/lib/web_console/templates/_markup.html.erb (0.3ms)
  Rendered /home/csvm/.rvm/gems/ruby-2.2.0/gems/web-console-2.1.2/lib/web_console/templates/style.css.erb within layouts/inlined_string (0.5ms)
  Rendered /home/csvm/.rvm/gems/ruby-2.2.0/gems/web-console-2.1.2/lib/web_console/templates/_inner_console_markup.html.erb within layouts/inlined_string (0.5ms)
  Rendered /home/csvm/.rvm/gems/ruby-2.2.0/gems/web-console-2.1.2/lib/web_console/templates/_prompt_box_markup.html.erb within layouts/inlined_string (0.5ms)
  Rendered /home/csvm/.rvm/gems/ruby-2.2.0/gems/web-console-2.1.2/lib/web_console/templates/console.js.erb within layouts/javascript (28.3ms)
  Rendered /home/csvm/.rvm/gems/ruby-2.2.0/gems/web-console-2.1.2/lib/web_console/templates/main.js.erb within layouts/javascript (2.0ms)
  Rendered /home/csvm/.rvm/gems/ruby-2.2.0/gems/web-console-2.1.2/lib/web_console/templates/error_page.js.erb within layouts/javascript (3.2ms)
  Rendered /home/csvm/.rvm/gems/ruby-2.2.0/gems/web-console-2.1.2/lib/web_console/templates/index.html.erb (59.3ms)


Started GET "/" for 127.0.0.1 at 2015-03-28 17:29:18 -0400
Processing by RecipesController#index as HTML
  [1m[36mRecipe Load (0.3ms)[0m  [1mSELECT "recipes".* FROM "recipes"  ORDER BY "recipes"."cooking_time" ASC[0m
  Rendered recipes/index.html.haml within layouts/application (11.8ms)
Completed 200 OK in 1151ms (Views: 1150.8ms | ActiveRecord: 0.3ms)


Started GET "/assets/foods-64e62ddc273c2f5847f30d698ca14b67.css?body=1" for 127.0.0.1 at 2015-03-28 17:29:19 -0400


Started GET "/assets/application-5266d2988799ecc8fe6e81eaab412e7d.css?body=1" for 127.0.0.1 at 2015-03-28 17:29:20 -0400


Started GET "/assets/jquery-87424c3c19e96d4fb033c10ebe21ec40.js?body=1" for 127.0.0.1 at 2015-03-28 17:29:20 -0400


Started GET "/assets/fridges-64e62ddc273c2f5847f30d698ca14b67.css?body=1" for 127.0.0.1 at 2015-03-28 17:29:20 -0400


Started GET "/assets/recipes-64e62ddc273c2f5847f30d698ca14b67.css?body=1" for 127.0.0.1 at 2015-03-28 17:29:20 -0400


Started GET "/assets/ingredients-64e62ddc273c2f5847f30d698ca14b67.css?body=1" for 127.0.0.1 at 2015-03-28 17:29:20 -0400


Started GET "/assets/jquery_ujs-e27bd20a10d28155845a22d71ef94f2f.js?body=1" for 127.0.0.1 at 2015-03-28 17:29:20 -0400


Started GET "/assets/foods-fcec5b5a277ac7c20cc9f45a209a3bcd.js?body=1" for 127.0.0.1 at 2015-03-28 17:29:20 -0400


Started GET "/assets/fridges-fcec5b5a277ac7c20cc9f45a209a3bcd.js?body=1" for 127.0.0.1 at 2015-03-28 17:29:20 -0400


Started GET "/assets/ingredients-fcec5b5a277ac7c20cc9f45a209a3bcd.js?body=1" for 127.0.0.1 at 2015-03-28 17:29:20 -0400


Started GET "/assets/recipes-fcec5b5a277ac7c20cc9f45a209a3bcd.js?body=1" for 127.0.0.1 at 2015-03-28 17:29:20 -0400


Started GET "/assets/application-67b1374e10049eab87d7b078c44a9e94.js?body=1" for 127.0.0.1 at 2015-03-28 17:29:20 -0400


Started GET "/" for 127.0.0.1 at 2015-03-28 17:31:04 -0400
Processing by RecipesController#index as HTML
  [1m[35mRecipe Load (0.4ms)[0m  SELECT "recipes".* FROM "recipes"  ORDER BY "recipes"."cooking_time" ASC
  Rendered recipes/index.html.haml within layouts/application (6.6ms)
Completed 200 OK in 150ms (Views: 149.1ms | ActiveRecord: 0.4ms)


Started GET "/assets/foods-64e62ddc273c2f5847f30d698ca14b67.css?body=1" for 127.0.0.1 at 2015-03-28 17:31:04 -0400


Started GET "/assets/ingredients-64e62ddc273c2f5847f30d698ca14b67.css?body=1" for 127.0.0.1 at 2015-03-28 17:31:04 -0400


Started GET "/assets/fridges-64e62ddc273c2f5847f30d698ca14b67.css?body=1" for 127.0.0.1 at 2015-03-28 17:31:04 -0400


Started GET "/assets/recipes-64e62ddc273c2f5847f30d698ca14b67.css?body=1" for 127.0.0.1 at 2015-03-28 17:31:04 -0400


Started GET "/assets/application-5266d2988799ecc8fe6e81eaab412e7d.css?body=1" for 127.0.0.1 at 2015-03-28 17:31:04 -0400


Started GET "/assets/ingredients-fcec5b5a277ac7c20cc9f45a209a3bcd.js?body=1" for 127.0.0.1 at 2015-03-28 17:31:04 -0400


Started GET "/assets/jquery_ujs-e27bd20a10d28155845a22d71ef94f2f.js?body=1" for 127.0.0.1 at 2015-03-28 17:31:04 -0400


Started GET "/assets/foods-fcec5b5a277ac7c20cc9f45a209a3bcd.js?body=1" for 127.0.0.1 at 2015-03-28 17:31:04 -0400


Started GET "/assets/fridges-fcec5b5a277ac7c20cc9f45a209a3bcd.js?body=1" for 127.0.0.1 at 2015-03-28 17:31:04 -0400


Started GET "/assets/jquery-87424c3c19e96d4fb033c10ebe21ec40.js?body=1" for 127.0.0.1 at 2015-03-28 17:31:04 -0400


Started GET "/assets/recipes-fcec5b5a277ac7c20cc9f45a209a3bcd.js?body=1" for 127.0.0.1 at 2015-03-28 17:31:04 -0400


Started GET "/assets/application-67b1374e10049eab87d7b078c44a9e94.js?body=1" for 127.0.0.1 at 2015-03-28 17:31:04 -0400


Started GET "/" for 127.0.0.1 at 2015-03-28 17:39:21 -0400
Processing by RecipesController#index as HTML
  [1m[36mRecipe Load (0.3ms)[0m  [1mSELECT "recipes".* FROM "recipes"  ORDER BY "recipes"."cooking_time" ASC[0m
  Rendered recipes/index.html.haml within layouts/application (9.3ms)
Completed 200 OK in 333ms (Views: 332.6ms | ActiveRecord: 0.3ms)


Started GET "/assets/foods-64e62ddc273c2f5847f30d698ca14b67.css?body=1" for 127.0.0.1 at 2015-03-28 17:39:21 -0400


Started GET "/assets/fridges-64e62ddc273c2f5847f30d698ca14b67.css?body=1" for 127.0.0.1 at 2015-03-28 17:39:21 -0400


Started GET "/assets/ingredients-64e62ddc273c2f5847f30d698ca14b67.css?body=1" for 127.0.0.1 at 2015-03-28 17:39:21 -0400


Started GET "/assets/recipes-64e62ddc273c2f5847f30d698ca14b67.css?body=1" for 127.0.0.1 at 2015-03-28 17:39:21 -0400


Started GET "/assets/application-5266d2988799ecc8fe6e81eaab412e7d.css?body=1" for 127.0.0.1 at 2015-03-28 17:39:21 -0400


Started GET "/assets/jquery-87424c3c19e96d4fb033c10ebe21ec40.js?body=1" for 127.0.0.1 at 2015-03-28 17:39:21 -0400


Started GET "/assets/jquery_ujs-e27bd20a10d28155845a22d71ef94f2f.js?body=1" for 127.0.0.1 at 2015-03-28 17:39:21 -0400


Started GET "/assets/foods-fcec5b5a277ac7c20cc9f45a209a3bcd.js?body=1" for 127.0.0.1 at 2015-03-28 17:39:21 -0400


Started GET "/assets/fridges-fcec5b5a277ac7c20cc9f45a209a3bcd.js?body=1" for 127.0.0.1 at 2015-03-28 17:39:21 -0400


Started GET "/assets/ingredients-fcec5b5a277ac7c20cc9f45a209a3bcd.js?body=1" for 127.0.0.1 at 2015-03-28 17:39:21 -0400


Started GET "/assets/recipes-fcec5b5a277ac7c20cc9f45a209a3bcd.js?body=1" for 127.0.0.1 at 2015-03-28 17:39:21 -0400


Started GET "/assets/application-67b1374e10049eab87d7b078c44a9e94.js?body=1" for 127.0.0.1 at 2015-03-28 17:39:21 -0400
  [1m[36mActiveRecord::SchemaMigration Load (0.1ms)[0m  [1mSELECT "schema_migrations".* FROM "schema_migrations"[0m
  [1m[35mSQL (18.3ms)[0m  DELETE FROM "recipes"
  [1m[36m (0.1ms)[0m  [1mbegin transaction[0m
  [1m[35mSQL (0.3ms)[0m  INSERT INTO "recipes" ("name", "cooking_time", "created_at", "updated_at") VALUES (?, ?, ?, ?)  [["name", "Dark Chocolate Peanut Butter Cups"], ["cooking_time", 30.0], ["created_at", "2015-03-28 21:42:52.817942"], ["updated_at", "2015-03-28 21:42:52.817942"]]
  [1m[36m (5.4ms)[0m  [1mcommit transaction[0m
  [1m[35m (0.1ms)[0m  begin transaction
  [1m[36mSQL (0.2ms)[0m  [1mINSERT INTO "recipes" ("name", "cooking_time", "created_at", "updated_at") VALUES (?, ?, ?, ?)[0m  [["name", "Buffalo Tenders"], ["cooking_time", 10.0], ["created_at", "2015-03-28 21:42:52.850776"], ["updated_at", "2015-03-28 21:42:52.850776"]]
  [1m[35m (6.2ms)[0m  commit transaction
  [1m[36m (0.1ms)[0m  [1mbegin transaction[0m
  [1m[35mSQL (0.2ms)[0m  INSERT INTO "recipes" ("name", "cooking_time", "created_at", "updated_at") VALUES (?, ?, ?, ?)  [["name", "Cereal"], ["cooking_time", 5.0], ["created_at", "2015-03-28 21:42:52.859452"], ["updated_at", "2015-03-28 21:42:52.859452"]]
  [1m[36m (4.6ms)[0m  [1mcommit transaction[0m
  [1m[35m (0.1ms)[0m  begin transaction
  [1m[36mSQL (0.2ms)[0m  [1mINSERT INTO "recipes" ("name", "cooking_time", "created_at", "updated_at") VALUES (?, ?, ?, ?)[0m  [["name", "Toast"], ["cooking_time", 3.0], ["created_at", "2015-03-28 21:42:52.866603"], ["updated_at", "2015-03-28 21:42:52.866603"]]
  [1m[35m (5.3ms)[0m  commit transaction
  [1m[36m (5.5ms)[0m  [1mbegin transaction[0m
  [1m[35mSQL (0.2ms)[0m  INSERT INTO "recipes" ("name", "cooking_time", "created_at", "updated_at") VALUES (?, ?, ?, ?)  [["name", "Toast with Jam"], ["cooking_time", 43.0], ["created_at", "2015-03-28 21:42:52.879914"], ["updated_at", "2015-03-28 21:42:52.879914"]]
  [1m[36m (5.2ms)[0m  [1mcommit transaction[0m


Started GET "/" for 127.0.0.1 at 2015-03-28 17:43:20 -0400
Processing by RecipesController#index as HTML
  [1m[35mRecipe Load (0.6ms)[0m  SELECT "recipes".* FROM "recipes"  ORDER BY "recipes"."cooking_time" ASC
  Rendered recipes/index.html.haml within layouts/application (89.4ms)
Completed 500 Internal Server Error in 99ms

ActionView::Template::Error (undefined method `description' for #<Recipe:0xb5895c00>):
    11:       %tr.recipe_row
    12:         %td.recipe_name= link_to r.name, recipe_path(r.id)
    13:         %td= image_tag(r.image.url(:thumb))
    14:         %td= r.description
    15:         %td= r.cooking_time
    16:   = link_to "Create a new recipe", new_recipe_path
  app/views/recipes/index.html.haml:14:in `block in _app_views_recipes_index_html_haml__822639088__631889158'
  app/views/recipes/index.html.haml:10:in `_app_views_recipes_index_html_haml__822639088__631889158'


  Rendered /home/csvm/.rvm/gems/ruby-2.2.0/gems/actionpack-4.2.0/lib/action_dispatch/middleware/templates/rescues/_source.erb (9.9ms)
  Rendered /home/csvm/.rvm/gems/ruby-2.2.0/gems/actionpack-4.2.0/lib/action_dispatch/middleware/templates/rescues/_trace.html.erb (5.8ms)
  Rendered /home/csvm/.rvm/gems/ruby-2.2.0/gems/actionpack-4.2.0/lib/action_dispatch/middleware/templates/rescues/_request_and_response.html.erb (4.8ms)
  Rendered /home/csvm/.rvm/gems/ruby-2.2.0/gems/actionpack-4.2.0/lib/action_dispatch/middleware/templates/rescues/template_error.html.erb within rescues/layout (51.7ms)
  Rendered /home/csvm/.rvm/gems/ruby-2.2.0/gems/web-console-2.1.2/lib/web_console/templates/_markup.html.erb (0.5ms)
  Rendered /home/csvm/.rvm/gems/ruby-2.2.0/gems/web-console-2.1.2/lib/web_console/templates/style.css.erb within layouts/inlined_string (0.2ms)
  Rendered /home/csvm/.rvm/gems/ruby-2.2.0/gems/web-console-2.1.2/lib/web_console/templates/_inner_console_markup.html.erb within layouts/inlined_string (0.5ms)
  Rendered /home/csvm/.rvm/gems/ruby-2.2.0/gems/web-console-2.1.2/lib/web_console/templates/_prompt_box_markup.html.erb within layouts/inlined_string (0.4ms)
  Rendered /home/csvm/.rvm/gems/ruby-2.2.0/gems/web-console-2.1.2/lib/web_console/templates/console.js.erb within layouts/javascript (30.5ms)
  Rendered /home/csvm/.rvm/gems/ruby-2.2.0/gems/web-console-2.1.2/lib/web_console/templates/main.js.erb within layouts/javascript (0.3ms)
  Rendered /home/csvm/.rvm/gems/ruby-2.2.0/gems/web-console-2.1.2/lib/web_console/templates/error_page.js.erb within layouts/javascript (0.4ms)
  Rendered /home/csvm/.rvm/gems/ruby-2.2.0/gems/web-console-2.1.2/lib/web_console/templates/index.html.erb (65.0ms)


Started GET "/" for 127.0.0.1 at 2015-03-28 17:43:38 -0400
Processing by RecipesController#index as HTML
  [1m[36mRecipe Load (7.2ms)[0m  [1mSELECT "recipes".* FROM "recipes"  ORDER BY "recipes"."cooking_time" ASC[0m
  Rendered recipes/index.html.haml within layouts/application (19.5ms)
Completed 200 OK in 123ms (Views: 115.9ms | ActiveRecord: 7.2ms)


Started GET "/assets/foods-64e62ddc273c2f5847f30d698ca14b67.css?body=1" for 127.0.0.1 at 2015-03-28 17:43:38 -0400


Started GET "/assets/fridges-64e62ddc273c2f5847f30d698ca14b67.css?body=1" for 127.0.0.1 at 2015-03-28 17:43:38 -0400


Started GET "/assets/ingredients-64e62ddc273c2f5847f30d698ca14b67.css?body=1" for 127.0.0.1 at 2015-03-28 17:43:38 -0400


Started GET "/assets/recipes-64e62ddc273c2f5847f30d698ca14b67.css?body=1" for 127.0.0.1 at 2015-03-28 17:43:38 -0400


Started GET "/assets/application-5266d2988799ecc8fe6e81eaab412e7d.css?body=1" for 127.0.0.1 at 2015-03-28 17:43:38 -0400


Started GET "/assets/jquery-87424c3c19e96d4fb033c10ebe21ec40.js?body=1" for 127.0.0.1 at 2015-03-28 17:43:38 -0400


Started GET "/assets/jquery_ujs-e27bd20a10d28155845a22d71ef94f2f.js?body=1" for 127.0.0.1 at 2015-03-28 17:43:38 -0400


Started GET "/assets/fridges-fcec5b5a277ac7c20cc9f45a209a3bcd.js?body=1" for 127.0.0.1 at 2015-03-28 17:43:38 -0400


Started GET "/assets/ingredients-fcec5b5a277ac7c20cc9f45a209a3bcd.js?body=1" for 127.0.0.1 at 2015-03-28 17:43:38 -0400


Started GET "/assets/foods-fcec5b5a277ac7c20cc9f45a209a3bcd.js?body=1" for 127.0.0.1 at 2015-03-28 17:43:38 -0400


Started GET "/assets/application-67b1374e10049eab87d7b078c44a9e94.js?body=1" for 127.0.0.1 at 2015-03-28 17:43:38 -0400


Started GET "/assets/recipes-fcec5b5a277ac7c20cc9f45a209a3bcd.js?body=1" for 127.0.0.1 at 2015-03-28 17:43:38 -0400


Started GET "/images/noimg.jpg" for 127.0.0.1 at 2015-03-28 17:43:38 -0400

ActionController::RoutingError (No route matches [GET] "/images/noimg.jpg"):
  actionpack (4.2.0) lib/action_dispatch/middleware/debug_exceptions.rb:21:in `call'
  web-console (2.1.2) lib/web_console/middleware.rb:37:in `call'
  actionpack (4.2.0) lib/action_dispatch/middleware/show_exceptions.rb:30:in `call'
  railties (4.2.0) lib/rails/rack/logger.rb:38:in `call_app'
  railties (4.2.0) lib/rails/rack/logger.rb:20:in `block in call'
  activesupport (4.2.0) lib/active_support/tagged_logging.rb:68:in `block in tagged'
  activesupport (4.2.0) lib/active_support/tagged_logging.rb:26:in `tagged'
  activesupport (4.2.0) lib/active_support/tagged_logging.rb:68:in `tagged'
  railties (4.2.0) lib/rails/rack/logger.rb:20:in `call'
  actionpack (4.2.0) lib/action_dispatch/middleware/request_id.rb:21:in `call'
  rack (1.6.0) lib/rack/methodoverride.rb:22:in `call'
  rack (1.6.0) lib/rack/runtime.rb:18:in `call'
  activesupport (4.2.0) lib/active_support/cache/strategy/local_cache_middleware.rb:28:in `call'
  rack (1.6.0) lib/rack/lock.rb:17:in `call'
  actionpack (4.2.0) lib/action_dispatch/middleware/static.rb:113:in `call'
  rack (1.6.0) lib/rack/sendfile.rb:113:in `call'
  railties (4.2.0) lib/rails/engine.rb:518:in `call'
  railties (4.2.0) lib/rails/application.rb:164:in `call'
  rack (1.6.0) lib/rack/lock.rb:17:in `call'
  rack (1.6.0) lib/rack/content_length.rb:15:in `call'
  rack (1.6.0) lib/rack/handler/webrick.rb:89:in `service'
  /home/csvm/.rvm/rubies/ruby-2.2.0/lib/ruby/2.2.0/webrick/httpserver.rb:138:in `service'
  /home/csvm/.rvm/rubies/ruby-2.2.0/lib/ruby/2.2.0/webrick/httpserver.rb:94:in `run'
  /home/csvm/.rvm/rubies/ruby-2.2.0/lib/ruby/2.2.0/webrick/server.rb:294:in `block in start_thread'


  Rendered /home/csvm/.rvm/gems/ruby-2.2.0/gems/actionpack-4.2.0/lib/action_dispatch/middleware/templates/rescues/_trace.html.erb (2.2ms)
  Rendered /home/csvm/.rvm/gems/ruby-2.2.0/gems/actionpack-4.2.0/lib/action_dispatch/middleware/templates/routes/_route.html.erb (3.6ms)
  Rendered /home/csvm/.rvm/gems/ruby-2.2.0/gems/actionpack-4.2.0/lib/action_dispatch/middleware/templates/routes/_table.html.erb (48.5ms)
  Rendered /home/csvm/.rvm/gems/ruby-2.2.0/gems/actionpack-4.2.0/lib/action_dispatch/middleware/templates/rescues/_request_and_response.html.erb (1.8ms)
  Rendered /home/csvm/.rvm/gems/ruby-2.2.0/gems/actionpack-4.2.0/lib/action_dispatch/middleware/templates/rescues/routing_error.html.erb within rescues/layout (167.7ms)
  Rendered /home/csvm/.rvm/gems/ruby-2.2.0/gems/web-console-2.1.2/lib/web_console/templates/_markup.html.erb (2.1ms)
  Rendered /home/csvm/.rvm/gems/ruby-2.2.0/gems/web-console-2.1.2/lib/web_console/templates/style.css.erb within layouts/inlined_string (0.8ms)
  Rendered /home/csvm/.rvm/gems/ruby-2.2.0/gems/web-console-2.1.2/lib/web_console/templates/_inner_console_markup.html.erb within layouts/inlined_string (0.8ms)
  Rendered /home/csvm/.rvm/gems/ruby-2.2.0/gems/web-console-2.1.2/lib/web_console/templates/_prompt_box_markup.html.erb within layouts/inlined_string (0.5ms)
  Rendered /home/csvm/.rvm/gems/ruby-2.2.0/gems/web-console-2.1.2/lib/web_console/templates/console.js.erb within layouts/javascript (32.2ms)
  Rendered /home/csvm/.rvm/gems/ruby-2.2.0/gems/web-console-2.1.2/lib/web_console/templates/main.js.erb within layouts/javascript (0.7ms)
  Rendered /home/csvm/.rvm/gems/ruby-2.2.0/gems/web-console-2.1.2/lib/web_console/templates/error_page.js.erb within layouts/javascript (0.5ms)
  Rendered /home/csvm/.rvm/gems/ruby-2.2.0/gems/web-console-2.1.2/lib/web_console/templates/index.html.erb (68.8ms)


Started GET "/" for 127.0.0.1 at 2015-03-28 17:44:32 -0400
Processing by RecipesController#index as HTML
  [1m[35mRecipe Load (0.5ms)[0m  SELECT "recipes".* FROM "recipes"  ORDER BY "recipes"."cooking_time" ASC
  Rendered recipes/index.html.haml within layouts/application (14.3ms)
Completed 200 OK in 91ms (Views: 86.4ms | ActiveRecord: 0.9ms)


Started GET "/assets/foods-64e62ddc273c2f5847f30d698ca14b67.css?body=1" for 127.0.0.1 at 2015-03-28 17:44:32 -0400


Started GET "/assets/fridges-64e62ddc273c2f5847f30d698ca14b67.css?body=1" for 127.0.0.1 at 2015-03-28 17:44:32 -0400


Started GET "/assets/ingredients-64e62ddc273c2f5847f30d698ca14b67.css?body=1" for 127.0.0.1 at 2015-03-28 17:44:32 -0400


Started GET "/assets/recipes-64e62ddc273c2f5847f30d698ca14b67.css?body=1" for 127.0.0.1 at 2015-03-28 17:44:32 -0400


Started GET "/assets/application-5266d2988799ecc8fe6e81eaab412e7d.css?body=1" for 127.0.0.1 at 2015-03-28 17:44:32 -0400


Started GET "/assets/jquery-87424c3c19e96d4fb033c10ebe21ec40.js?body=1" for 127.0.0.1 at 2015-03-28 17:44:33 -0400


Started GET "/assets/jquery_ujs-e27bd20a10d28155845a22d71ef94f2f.js?body=1" for 127.0.0.1 at 2015-03-28 17:44:33 -0400


Started GET "/assets/foods-fcec5b5a277ac7c20cc9f45a209a3bcd.js?body=1" for 127.0.0.1 at 2015-03-28 17:44:33 -0400


Started GET "/assets/fridges-fcec5b5a277ac7c20cc9f45a209a3bcd.js?body=1" for 127.0.0.1 at 2015-03-28 17:44:33 -0400


Started GET "/assets/ingredients-fcec5b5a277ac7c20cc9f45a209a3bcd.js?body=1" for 127.0.0.1 at 2015-03-28 17:44:33 -0400


Started GET "/assets/recipes-fcec5b5a277ac7c20cc9f45a209a3bcd.js?body=1" for 127.0.0.1 at 2015-03-28 17:44:33 -0400


Started GET "/assets/application-67b1374e10049eab87d7b078c44a9e94.js?body=1" for 127.0.0.1 at 2015-03-28 17:44:33 -0400


Started GET "/images/empty_plate.jpg" for 127.0.0.1 at 2015-03-28 17:44:33 -0400

ActionController::RoutingError (No route matches [GET] "/images/empty_plate.jpg"):
  actionpack (4.2.0) lib/action_dispatch/middleware/debug_exceptions.rb:21:in `call'
  web-console (2.1.2) lib/web_console/middleware.rb:37:in `call'
  actionpack (4.2.0) lib/action_dispatch/middleware/show_exceptions.rb:30:in `call'
  railties (4.2.0) lib/rails/rack/logger.rb:38:in `call_app'
  railties (4.2.0) lib/rails/rack/logger.rb:20:in `block in call'
  activesupport (4.2.0) lib/active_support/tagged_logging.rb:68:in `block in tagged'
  activesupport (4.2.0) lib/active_support/tagged_logging.rb:26:in `tagged'
  activesupport (4.2.0) lib/active_support/tagged_logging.rb:68:in `tagged'
  railties (4.2.0) lib/rails/rack/logger.rb:20:in `call'
  actionpack (4.2.0) lib/action_dispatch/middleware/request_id.rb:21:in `call'
  rack (1.6.0) lib/rack/methodoverride.rb:22:in `call'
  rack (1.6.0) lib/rack/runtime.rb:18:in `call'
  activesupport (4.2.0) lib/active_support/cache/strategy/local_cache_middleware.rb:28:in `call'
  rack (1.6.0) lib/rack/lock.rb:17:in `call'
  actionpack (4.2.0) lib/action_dispatch/middleware/static.rb:113:in `call'
  rack (1.6.0) lib/rack/sendfile.rb:113:in `call'
  railties (4.2.0) lib/rails/engine.rb:518:in `call'
  railties (4.2.0) lib/rails/application.rb:164:in `call'
  rack (1.6.0) lib/rack/lock.rb:17:in `call'
  rack (1.6.0) lib/rack/content_length.rb:15:in `call'
  rack (1.6.0) lib/rack/handler/webrick.rb:89:in `service'
  /home/csvm/.rvm/rubies/ruby-2.2.0/lib/ruby/2.2.0/webrick/httpserver.rb:138:in `service'
  /home/csvm/.rvm/rubies/ruby-2.2.0/lib/ruby/2.2.0/webrick/httpserver.rb:94:in `run'
  /home/csvm/.rvm/rubies/ruby-2.2.0/lib/ruby/2.2.0/webrick/server.rb:294:in `block in start_thread'


  Rendered /home/csvm/.rvm/gems/ruby-2.2.0/gems/actionpack-4.2.0/lib/action_dispatch/middleware/templates/rescues/_trace.html.erb (19.3ms)
  Rendered /home/csvm/.rvm/gems/ruby-2.2.0/gems/actionpack-4.2.0/lib/action_dispatch/middleware/templates/routes/_route.html.erb (3.4ms)
  Rendered /home/csvm/.rvm/gems/ruby-2.2.0/gems/actionpack-4.2.0/lib/action_dispatch/middleware/templates/routes/_table.html.erb (1.7ms)
  Rendered /home/csvm/.rvm/gems/ruby-2.2.0/gems/actionpack-4.2.0/lib/action_dispatch/middleware/templates/rescues/_request_and_response.html.erb (1.8ms)
  Rendered /home/csvm/.rvm/gems/ruby-2.2.0/gems/actionpack-4.2.0/lib/action_dispatch/middleware/templates/rescues/routing_error.html.erb within rescues/layout (102.0ms)
  Rendered /home/csvm/.rvm/gems/ruby-2.2.0/gems/web-console-2.1.2/lib/web_console/templates/_markup.html.erb (0.4ms)
  Rendered /home/csvm/.rvm/gems/ruby-2.2.0/gems/web-console-2.1.2/lib/web_console/templates/style.css.erb within layouts/inlined_string (0.5ms)
  Rendered /home/csvm/.rvm/gems/ruby-2.2.0/gems/web-console-2.1.2/lib/web_console/templates/_inner_console_markup.html.erb within layouts/inlined_string (0.5ms)
  Rendered /home/csvm/.rvm/gems/ruby-2.2.0/gems/web-console-2.1.2/lib/web_console/templates/_prompt_box_markup.html.erb within layouts/inlined_string (0.5ms)
  Rendered /home/csvm/.rvm/gems/ruby-2.2.0/gems/web-console-2.1.2/lib/web_console/templates/console.js.erb within layouts/javascript (32.0ms)
  Rendered /home/csvm/.rvm/gems/ruby-2.2.0/gems/web-console-2.1.2/lib/web_console/templates/main.js.erb within layouts/javascript (3.3ms)
  Rendered /home/csvm/.rvm/gems/ruby-2.2.0/gems/web-console-2.1.2/lib/web_console/templates/error_page.js.erb within layouts/javascript (0.5ms)
  Rendered /home/csvm/.rvm/gems/ruby-2.2.0/gems/web-console-2.1.2/lib/web_console/templates/index.html.erb (60.8ms)


Started GET "/" for 127.0.0.1 at 2015-03-28 17:45:04 -0400
Processing by RecipesController#index as HTML
  [1m[36mRecipe Load (3.7ms)[0m  [1mSELECT "recipes".* FROM "recipes"  ORDER BY "recipes"."cooking_time" ASC[0m
  Rendered recipes/index.html.haml within layouts/application (17.2ms)
Completed 200 OK in 93ms (Views: 83.1ms | ActiveRecord: 4.6ms)


Started GET "/assets/foods-64e62ddc273c2f5847f30d698ca14b67.css?body=1" for 127.0.0.1 at 2015-03-28 17:45:04 -0400


Started GET "/assets/fridges-64e62ddc273c2f5847f30d698ca14b67.css?body=1" for 127.0.0.1 at 2015-03-28 17:45:04 -0400


Started GET "/assets/ingredients-64e62ddc273c2f5847f30d698ca14b67.css?body=1" for 127.0.0.1 at 2015-03-28 17:45:04 -0400


Started GET "/assets/recipes-64e62ddc273c2f5847f30d698ca14b67.css?body=1" for 127.0.0.1 at 2015-03-28 17:45:04 -0400


Started GET "/assets/application-5266d2988799ecc8fe6e81eaab412e7d.css?body=1" for 127.0.0.1 at 2015-03-28 17:45:04 -0400


Started GET "/assets/fridges-fcec5b5a277ac7c20cc9f45a209a3bcd.js?body=1" for 127.0.0.1 at 2015-03-28 17:45:04 -0400


Started GET "/assets/jquery-87424c3c19e96d4fb033c10ebe21ec40.js?body=1" for 127.0.0.1 at 2015-03-28 17:45:04 -0400


Started GET "/assets/foods-fcec5b5a277ac7c20cc9f45a209a3bcd.js?body=1" for 127.0.0.1 at 2015-03-28 17:45:04 -0400


Started GET "/assets/jquery_ujs-e27bd20a10d28155845a22d71ef94f2f.js?body=1" for 127.0.0.1 at 2015-03-28 17:45:04 -0400


Started GET "/assets/ingredients-fcec5b5a277ac7c20cc9f45a209a3bcd.js?body=1" for 127.0.0.1 at 2015-03-28 17:45:04 -0400


Started GET "/assets/recipes-fcec5b5a277ac7c20cc9f45a209a3bcd.js?body=1" for 127.0.0.1 at 2015-03-28 17:45:04 -0400


Started GET "/assets/application-67b1374e10049eab87d7b078c44a9e94.js?body=1" for 127.0.0.1 at 2015-03-28 17:45:05 -0400


Started GET "/" for 127.0.0.1 at 2015-03-28 17:49:51 -0400
Processing by RecipesController#index as HTML
  [1m[35mRecipe Load (0.3ms)[0m  SELECT "recipes".* FROM "recipes"  ORDER BY "recipes"."cooking_time" ASC
  Rendered recipes/index.html.haml within layouts/application (7.8ms)
Completed 200 OK in 89ms (Views: 88.6ms | ActiveRecord: 0.3ms)


Started GET "/assets/foods-64e62ddc273c2f5847f30d698ca14b67.css?body=1" for 127.0.0.1 at 2015-03-28 17:49:51 -0400


Started GET "/assets/fridges-64e62ddc273c2f5847f30d698ca14b67.css?body=1" for 127.0.0.1 at 2015-03-28 17:49:51 -0400


Started GET "/assets/jquery-87424c3c19e96d4fb033c10ebe21ec40.js?body=1" for 127.0.0.1 at 2015-03-28 17:49:51 -0400


Started GET "/assets/application-5266d2988799ecc8fe6e81eaab412e7d.css?body=1" for 127.0.0.1 at 2015-03-28 17:49:51 -0400


Started GET "/assets/recipes-64e62ddc273c2f5847f30d698ca14b67.css?body=1" for 127.0.0.1 at 2015-03-28 17:49:51 -0400


Started GET "/assets/ingredients-64e62ddc273c2f5847f30d698ca14b67.css?body=1" for 127.0.0.1 at 2015-03-28 17:49:51 -0400


Started GET "/assets/jquery_ujs-e27bd20a10d28155845a22d71ef94f2f.js?body=1" for 127.0.0.1 at 2015-03-28 17:49:51 -0400


Started GET "/assets/foods-fcec5b5a277ac7c20cc9f45a209a3bcd.js?body=1" for 127.0.0.1 at 2015-03-28 17:49:51 -0400


Started GET "/assets/fridges-fcec5b5a277ac7c20cc9f45a209a3bcd.js?body=1" for 127.0.0.1 at 2015-03-28 17:49:51 -0400


Started GET "/assets/ingredients-fcec5b5a277ac7c20cc9f45a209a3bcd.js?body=1" for 127.0.0.1 at 2015-03-28 17:49:51 -0400


Started GET "/assets/recipes-fcec5b5a277ac7c20cc9f45a209a3bcd.js?body=1" for 127.0.0.1 at 2015-03-28 17:49:51 -0400


Started GET "/assets/application-67b1374e10049eab87d7b078c44a9e94.js?body=1" for 127.0.0.1 at 2015-03-28 17:49:51 -0400
  [1m[36mRecipe Load (0.3ms)[0m  [1mSELECT  "recipes".* FROM "recipes" WHERE "recipes"."id" = ? LIMIT 1[0m  [["id", 1]]
  [1m[35mRecipe Load (0.2ms)[0m  SELECT  "recipes".* FROM "recipes" WHERE "recipes"."id" = ? LIMIT 1  [["id", 1]]
  [1m[36mIngredient Load (0.2ms)[0m  [1mSELECT "ingredients".* FROM "ingredients" WHERE "ingredients"."recipe_id" = ?[0m  [["recipe_id", 1]]
  [1m[36m (63.1ms)[0m  [1mCREATE TABLE "schema_migrations" ("version" varchar NOT NULL) [0m
  [1m[35m (0.1ms)[0m  select sqlite_version(*)
  [1m[36m (4.9ms)[0m  [1mCREATE UNIQUE INDEX "unique_schema_migrations" ON "schema_migrations" ("version")[0m
  [1m[35mActiveRecord::SchemaMigration Load (0.3ms)[0m  SELECT "schema_migrations".* FROM "schema_migrations"
Migrating to CreateFridges (20150328204821)
  [1m[36m (0.1ms)[0m  [1mbegin transaction[0m
  [1m[35m (0.4ms)[0m  CREATE TABLE "fridges" ("id" INTEGER PRIMARY KEY AUTOINCREMENT NOT NULL, "created_at" datetime NOT NULL, "updated_at" datetime NOT NULL) 
  [1m[36mSQL (0.1ms)[0m  [1mINSERT INTO "schema_migrations" ("version") VALUES (?)[0m  [["version", "20150328204821"]]
  [1m[35m (9.6ms)[0m  commit transaction
Migrating to CreateFoods (20150328204835)
  [1m[36m (0.1ms)[0m  [1mbegin transaction[0m
  [1m[35m (0.3ms)[0m  CREATE TABLE "foods" ("id" INTEGER PRIMARY KEY AUTOINCREMENT NOT NULL, "name" varchar, "fridge_id" integer, "quantity" integer, "created_at" datetime NOT NULL, "updated_at" datetime NOT NULL) 
  [1m[36mSQL (0.2ms)[0m  [1mINSERT INTO "schema_migrations" ("version") VALUES (?)[0m  [["version", "20150328204835"]]
  [1m[35m (8.8ms)[0m  commit transaction
Migrating to CreateIngredients (20150328204855)
  [1m[36m (0.1ms)[0m  [1mbegin transaction[0m
  [1m[35m (0.3ms)[0m  CREATE TABLE "ingredients" ("id" INTEGER PRIMARY KEY AUTOINCREMENT NOT NULL, "name" varchar, "recipe_id" integer, "quantity" integer, "created_at" datetime NOT NULL, "updated_at" datetime NOT NULL) 
  [1m[36mSQL (0.1ms)[0m  [1mINSERT INTO "schema_migrations" ("version") VALUES (?)[0m  [["version", "20150328204855"]]
  [1m[35m (7.5ms)[0m  commit transaction
Migrating to CreateRecipes (20150328205002)
  [1m[36m (0.2ms)[0m  [1mbegin transaction[0m
  [1m[35m (0.4ms)[0m  CREATE TABLE "recipes" ("id" INTEGER PRIMARY KEY AUTOINCREMENT NOT NULL, "name" varchar, "direction" text, "cooking_time" float, "created_at" datetime NOT NULL, "updated_at" datetime NOT NULL) 
  [1m[36mSQL (0.2ms)[0m  [1mINSERT INTO "schema_migrations" ("version") VALUES (?)[0m  [["version", "20150328205002"]]
  [1m[35m (8.1ms)[0m  commit transaction
Migrating to AddAttachmentImageToRecipes (20150328212550)
  [1m[36m (0.1ms)[0m  [1mbegin transaction[0m
  [1m[35m (0.3ms)[0m  ALTER TABLE "recipes" ADD "image_file_name" varchar
  [1m[36m (0.6ms)[0m  [1mALTER TABLE "recipes" ADD "image_content_type" varchar[0m
  [1m[35m (0.2ms)[0m  ALTER TABLE "recipes" ADD "image_file_size" integer
  [1m[36m (0.2ms)[0m  [1mALTER TABLE "recipes" ADD "image_updated_at" datetime[0m
  [1m[35mSQL (0.2ms)[0m  INSERT INTO "schema_migrations" ("version") VALUES (?)  [["version", "20150328212550"]]
  [1m[36m (3.9ms)[0m  [1mcommit transaction[0m
  [1m[35mActiveRecord::SchemaMigration Load (0.1ms)[0m  SELECT "schema_migrations".* FROM "schema_migrations"
  [1m[36mActiveRecord::SchemaMigration Load (0.1ms)[0m  [1mSELECT "schema_migrations".* FROM "schema_migrations"[0m
  [1m[35mSQL (11.9ms)[0m  DELETE FROM "recipes"
  [1m[36m (0.1ms)[0m  [1mbegin transaction[0m
  [1m[35mSQL (0.2ms)[0m  INSERT INTO "recipes" ("name", "cooking_time", "created_at", "updated_at") VALUES (?, ?, ?, ?)  [["name", "Dark Chocolate Peanut Butter Cups"], ["cooking_time", 30.0], ["created_at", "2015-03-28 22:00:05.401095"], ["updated_at", "2015-03-28 22:00:05.401095"]]
  [1m[36m (4.7ms)[0m  [1mcommit transaction[0m
  [1m[35mRecipe Load (0.2ms)[0m  SELECT  "recipes".* FROM "recipes" WHERE "recipes"."id" = ? LIMIT 1  [["id", 1]]
  [1m[36m (0.1ms)[0m  [1mbegin transaction[0m
  [1m[35mSQL (0.3ms)[0m  INSERT INTO "ingredients" ("name", "quantity", "recipe_id", "created_at", "updated_at") VALUES (?, ?, ?, ?, ?)  [["name", "Dark Chocolate (Ew)"], ["quantity", 10], ["recipe_id", 1], ["created_at", "2015-03-28 22:00:05.462095"], ["updated_at", "2015-03-28 22:00:05.462095"]]
  [1m[36m (5.2ms)[0m  [1mcommit transaction[0m
  [1m[35mRecipe Load (0.3ms)[0m  SELECT  "recipes".* FROM "recipes" WHERE "recipes"."id" = ? LIMIT 1  [["id", 1]]
  [1m[36m (0.1ms)[0m  [1mbegin transaction[0m
  [1m[35m (0.2ms)[0m  rollback transaction
  [1m[36mActiveRecord::SchemaMigration Load (0.1ms)[0m  [1mSELECT "schema_migrations".* FROM "schema_migrations"[0m
  [1m[35mSQL (350.5ms)[0m  DELETE FROM "recipes"
  [1m[36m (0.1ms)[0m  [1mbegin transaction[0m
  [1m[35mSQL (0.3ms)[0m  INSERT INTO "recipes" ("name", "cooking_time", "created_at", "updated_at") VALUES (?, ?, ?, ?)  [["name", "Dark Chocolate Peanut Butter Cups"], ["cooking_time", 30.0], ["created_at", "2015-03-28 22:00:38.249037"], ["updated_at", "2015-03-28 22:00:38.249037"]]
  [1m[36m (5.3ms)[0m  [1mcommit transaction[0m
  [1m[35mRecipe Load (0.4ms)[0m  SELECT  "recipes".* FROM "recipes" WHERE "recipes"."id" = ? LIMIT 1  [["id", 1]]
  [1m[36mRecipe Load (1.4ms)[0m  [1mSELECT "recipes".* FROM "recipes"[0m
  [1m[36mActiveRecord::SchemaMigration Load (0.1ms)[0m  [1mSELECT "schema_migrations".* FROM "schema_migrations"[0m
  [1m[35mSQL (82.5ms)[0m  DELETE FROM "recipes"
  [1m[36m (0.2ms)[0m  [1mbegin transaction[0m
  [1m[35mSQL (0.3ms)[0m  INSERT INTO "recipes" ("name", "cooking_time", "created_at", "updated_at") VALUES (?, ?, ?, ?)  [["name", "Dark Chocolate Peanut Butter Cups"], ["cooking_time", 30.0], ["created_at", "2015-03-28 22:02:20.712812"], ["updated_at", "2015-03-28 22:02:20.712812"]]
  [1m[36m (4.8ms)[0m  [1mcommit transaction[0m
  [1m[35m (0.0ms)[0m  begin transaction
  [1m[36mSQL (0.2ms)[0m  [1mINSERT INTO "recipes" ("name", "cooking_time", "created_at", "updated_at") VALUES (?, ?, ?, ?)[0m  [["name", "Buffalo Tenders"], ["cooking_time", 10.0], ["created_at", "2015-03-28 22:02:20.722236"], ["updated_at", "2015-03-28 22:02:20.722236"]]
  [1m[35m (5.4ms)[0m  commit transaction
  [1m[36m (0.1ms)[0m  [1mbegin transaction[0m
  [1m[35mSQL (0.2ms)[0m  INSERT INTO "recipes" ("name", "cooking_time", "created_at", "updated_at") VALUES (?, ?, ?, ?)  [["name", "Cereal"], ["cooking_time", 5.0], ["created_at", "2015-03-28 22:02:20.730149"], ["updated_at", "2015-03-28 22:02:20.730149"]]
  [1m[36m (5.5ms)[0m  [1mcommit transaction[0m
  [1m[35m (0.1ms)[0m  begin transaction
  [1m[36mSQL (0.2ms)[0m  [1mINSERT INTO "recipes" ("name", "cooking_time", "created_at", "updated_at") VALUES (?, ?, ?, ?)[0m  [["name", "Toast"], ["cooking_time", 3.0], ["created_at", "2015-03-28 22:02:20.738134"], ["updated_at", "2015-03-28 22:02:20.738134"]]
  [1m[35m (6.1ms)[0m  commit transaction
  [1m[36m (0.1ms)[0m  [1mbegin transaction[0m
  [1m[35mSQL (0.3ms)[0m  INSERT INTO "recipes" ("name", "cooking_time", "created_at", "updated_at") VALUES (?, ?, ?, ?)  [["name", "Toast with Jam"], ["cooking_time", 43.0], ["created_at", "2015-03-28 22:02:20.753276"], ["updated_at", "2015-03-28 22:02:20.753276"]]
  [1m[36m (5.0ms)[0m  [1mcommit transaction[0m
  [1m[35mRecipe Load (0.2ms)[0m  SELECT  "recipes".* FROM "recipes" WHERE "recipes"."id" = ? LIMIT 1  [["id", 5]]
  [1m[36m (0.1ms)[0m  [1mbegin transaction[0m
  [1m[35mSQL (0.2ms)[0m  INSERT INTO "ingredients" ("name", "quantity", "recipe_id", "created_at", "updated_at") VALUES (?, ?, ?, ?, ?)  [["name", "Toast"], ["quantity", 1], ["recipe_id", 5], ["created_at", "2015-03-28 22:02:20.784491"], ["updated_at", "2015-03-28 22:02:20.784491"]]
  [1m[36m (7.5ms)[0m  [1mcommit transaction[0m
  [1m[35mRecipe Load (0.1ms)[0m  SELECT  "recipes".* FROM "recipes" WHERE "recipes"."id" = ? LIMIT 1  [["id", 5]]
  [1m[36m (0.1ms)[0m  [1mbegin transaction[0m
  [1m[35mSQL (0.2ms)[0m  INSERT INTO "ingredients" ("name", "quantity", "recipe_id", "created_at", "updated_at") VALUES (?, ?, ?, ?, ?)  [["name", "Jam"], ["quantity", 1], ["recipe_id", 5], ["created_at", "2015-03-28 22:02:20.795491"], ["updated_at", "2015-03-28 22:02:20.795491"]]
  [1m[36m (7.8ms)[0m  [1mcommit transaction[0m
  [1m[35mRecipe Load (0.2ms)[0m  SELECT  "recipes".* FROM "recipes" WHERE "recipes"."id" = ? LIMIT 1  [["id", 1]]
  [1m[36mRecipe Load (1.8ms)[0m  [1mSELECT "recipes".* FROM "recipes"[0m
  [1m[36m (8.6ms)[0m  [1mCREATE TABLE "schema_migrations" ("version" varchar NOT NULL) [0m
  [1m[35m (0.1ms)[0m  select sqlite_version(*)
  [1m[36m (4.0ms)[0m  [1mCREATE UNIQUE INDEX "unique_schema_migrations" ON "schema_migrations" ("version")[0m
  [1m[35mActiveRecord::SchemaMigration Load (0.1ms)[0m  SELECT "schema_migrations".* FROM "schema_migrations"
Migrating to CreateFridges (20150328204821)
  [1m[36m (0.1ms)[0m  [1mbegin transaction[0m
  [1m[35m (0.4ms)[0m  CREATE TABLE "fridges" ("id" INTEGER PRIMARY KEY AUTOINCREMENT NOT NULL, "created_at" datetime NOT NULL, "updated_at" datetime NOT NULL) 
  [1m[36mSQL (0.2ms)[0m  [1mINSERT INTO "schema_migrations" ("version") VALUES (?)[0m  [["version", "20150328204821"]]
  [1m[35m (6.5ms)[0m  commit transaction
Migrating to CreateFoods (20150328204835)
  [1m[36m (0.1ms)[0m  [1mbegin transaction[0m
  [1m[35m (0.3ms)[0m  CREATE TABLE "foods" ("id" INTEGER PRIMARY KEY AUTOINCREMENT NOT NULL, "name" varchar, "fridge_id" integer, "quantity" integer, "created_at" datetime NOT NULL, "updated_at" datetime NOT NULL) 
  [1m[36mSQL (0.2ms)[0m  [1mINSERT INTO "schema_migrations" ("version") VALUES (?)[0m  [["version", "20150328204835"]]
  [1m[35m (9.0ms)[0m  commit transaction
Migrating to CreateIngredients (20150328204855)
  [1m[36m (0.1ms)[0m  [1mbegin transaction[0m
  [1m[35m (0.3ms)[0m  CREATE TABLE "ingredients" ("id" INTEGER PRIMARY KEY AUTOINCREMENT NOT NULL, "name" varchar, "recipe_id" integer, "quantity" integer, "created_at" datetime NOT NULL, "updated_at" datetime NOT NULL) 
  [1m[36mSQL (0.1ms)[0m  [1mINSERT INTO "schema_migrations" ("version") VALUES (?)[0m  [["version", "20150328204855"]]
  [1m[35m (4.4ms)[0m  commit transaction
Migrating to CreateRecipes (20150328205002)
  [1m[36m (0.1ms)[0m  [1mbegin transaction[0m
  [1m[35m (2.4ms)[0m  CREATE TABLE "recipes" ("id" INTEGER PRIMARY KEY AUTOINCREMENT NOT NULL, "name" varchar, "direction" text, "cooking_time" float, "created_at" datetime NOT NULL, "updated_at" datetime NOT NULL) 
  [1m[36mSQL (0.4ms)[0m  [1mINSERT INTO "schema_migrations" ("version") VALUES (?)[0m  [["version", "20150328205002"]]
  [1m[35m (6.3ms)[0m  commit transaction
Migrating to AddAttachmentImageToRecipes (20150328212550)
  [1m[36m (0.1ms)[0m  [1mbegin transaction[0m
  [1m[35m (0.4ms)[0m  ALTER TABLE "recipes" ADD "image_file_name" varchar
  [1m[36m (0.2ms)[0m  [1mALTER TABLE "recipes" ADD "image_content_type" varchar[0m
  [1m[35m (0.2ms)[0m  ALTER TABLE "recipes" ADD "image_file_size" integer
  [1m[36m (0.2ms)[0m  [1mALTER TABLE "recipes" ADD "image_updated_at" datetime[0m
  [1m[35mSQL (0.2ms)[0m  INSERT INTO "schema_migrations" ("version") VALUES (?)  [["version", "20150328212550"]]
  [1m[36m (8.6ms)[0m  [1mcommit transaction[0m
  [1m[35mActiveRecord::SchemaMigration Load (0.2ms)[0m  SELECT "schema_migrations".* FROM "schema_migrations"
  [1m[36mActiveRecord::SchemaMigration Load (0.1ms)[0m  [1mSELECT "schema_migrations".* FROM "schema_migrations"[0m
  [1m[35mSQL (55.6ms)[0m  DELETE FROM "recipes"
  [1m[36m (0.2ms)[0m  [1mbegin transaction[0m
  [1m[35mSQL (0.4ms)[0m  INSERT INTO "recipes" ("name", "cooking_time", "created_at", "updated_at") VALUES (?, ?, ?, ?)  [["name", "Dark Chocolate Peanut Butter Cups"], ["cooking_time", 30.0], ["created_at", "2015-03-28 22:03:03.678354"], ["updated_at", "2015-03-28 22:03:03.678354"]]
  [1m[36m (6.2ms)[0m  [1mcommit transaction[0m
  [1m[35m (0.1ms)[0m  begin transaction
  [1m[36mSQL (0.2ms)[0m  [1mINSERT INTO "recipes" ("name", "cooking_time", "created_at", "updated_at") VALUES (?, ?, ?, ?)[0m  [["name", "Buffalo Tenders"], ["cooking_time", 10.0], ["created_at", "2015-03-28 22:03:03.690396"], ["updated_at", "2015-03-28 22:03:03.690396"]]
  [1m[35m (6.4ms)[0m  commit transaction
  [1m[36m (0.1ms)[0m  [1mbegin transaction[0m
  [1m[35mSQL (0.2ms)[0m  INSERT INTO "recipes" ("name", "cooking_time", "created_at", "updated_at") VALUES (?, ?, ?, ?)  [["name", "Cereal"], ["cooking_time", 5.0], ["created_at", "2015-03-28 22:03:03.700003"], ["updated_at", "2015-03-28 22:03:03.700003"]]
  [1m[36m (5.1ms)[0m  [1mcommit transaction[0m
  [1m[35m (0.1ms)[0m  begin transaction
  [1m[36mSQL (0.2ms)[0m  [1mINSERT INTO "recipes" ("name", "cooking_time", "created_at", "updated_at") VALUES (?, ?, ?, ?)[0m  [["name", "Toast"], ["cooking_time", 3.0], ["created_at", "2015-03-28 22:03:03.708231"], ["updated_at", "2015-03-28 22:03:03.708231"]]
  [1m[35m (5.2ms)[0m  commit transaction
  [1m[36m (0.1ms)[0m  [1mbegin transaction[0m
  [1m[35mSQL (0.3ms)[0m  INSERT INTO "recipes" ("name", "cooking_time", "created_at", "updated_at") VALUES (?, ?, ?, ?)  [["name", "Toast with Jam"], ["cooking_time", 43.0], ["created_at", "2015-03-28 22:03:03.723425"], ["updated_at", "2015-03-28 22:03:03.723425"]]
  [1m[36m (6.0ms)[0m  [1mcommit transaction[0m
  [1m[35mRecipe Load (0.2ms)[0m  SELECT  "recipes".* FROM "recipes" WHERE "recipes"."id" = ? LIMIT 1  [["id", 5]]
  [1m[36m (0.1ms)[0m  [1mbegin transaction[0m
  [1m[35mSQL (0.3ms)[0m  INSERT INTO "ingredients" ("name", "quantity", "recipe_id", "created_at", "updated_at") VALUES (?, ?, ?, ?, ?)  [["name", "Toast"], ["quantity", 1], ["recipe_id", 5], ["created_at", "2015-03-28 22:03:03.754451"], ["updated_at", "2015-03-28 22:03:03.754451"]]
  [1m[36m (8.1ms)[0m  [1mcommit transaction[0m
  [1m[35mRecipe Load (0.1ms)[0m  SELECT  "recipes".* FROM "recipes" WHERE "recipes"."id" = ? LIMIT 1  [["id", 5]]
  [1m[36m (0.1ms)[0m  [1mbegin transaction[0m
  [1m[35mSQL (0.2ms)[0m  INSERT INTO "ingredients" ("name", "quantity", "recipe_id", "created_at", "updated_at") VALUES (?, ?, ?, ?, ?)  [["name", "Jam"], ["quantity", 1], ["recipe_id", 5], ["created_at", "2015-03-28 22:03:03.766807"], ["updated_at", "2015-03-28 22:03:03.766807"]]
  [1m[36m (5.4ms)[0m  [1mcommit transaction[0m
  [1m[35mRecipe Load (0.1ms)[0m  SELECT  "recipes".* FROM "recipes" WHERE "recipes"."id" = ? LIMIT 1  [["id", 1]]
  [1m[36m (0.1ms)[0m  [1mbegin transaction[0m
  [1m[35mSQL (0.2ms)[0m  INSERT INTO "ingredients" ("name", "quantity", "recipe_id", "created_at", "updated_at") VALUES (?, ?, ?, ?, ?)  [["name", "Dark Chocolate (Ew)"], ["quantity", 10], ["recipe_id", 1], ["created_at", "2015-03-28 22:03:03.775896"], ["updated_at", "2015-03-28 22:03:03.775896"]]
  [1m[36m (4.6ms)[0m  [1mcommit transaction[0m
  [1m[35mRecipe Load (0.1ms)[0m  SELECT  "recipes".* FROM "recipes" WHERE "recipes"."id" = ? LIMIT 1  [["id", 1]]
  [1m[36m (0.1ms)[0m  [1mbegin transaction[0m
  [1m[35mSQL (0.1ms)[0m  INSERT INTO "ingredients" ("name", "quantity", "recipe_id", "created_at", "updated_at") VALUES (?, ?, ?, ?, ?)  [["name", "Peanuts"], ["quantity", 10], ["recipe_id", 1], ["created_at", "2015-03-28 22:03:03.783690"], ["updated_at", "2015-03-28 22:03:03.783690"]]
  [1m[36m (4.8ms)[0m  [1mcommit transaction[0m
  [1m[35mRecipe Load (0.1ms)[0m  SELECT  "recipes".* FROM "recipes" WHERE "recipes"."id" = ? LIMIT 1  [["id", 1]]
  [1m[36m (0.1ms)[0m  [1mbegin transaction[0m
  [1m[35mSQL (0.2ms)[0m  INSERT INTO "ingredients" ("name", "quantity", "recipe_id", "created_at", "updated_at") VALUES (?, ?, ?, ?, ?)  [["name", "Butter"], ["quantity", 10], ["recipe_id", 1], ["created_at", "2015-03-28 22:03:03.792088"], ["updated_at", "2015-03-28 22:03:03.792088"]]
  [1m[36m (4.1ms)[0m  [1mcommit transaction[0m
  [1m[36mRecipe Load (0.3ms)[0m  [1mSELECT  "recipes".* FROM "recipes" WHERE "recipes"."id" = ? LIMIT 1[0m  [["id", 1]]
  [1m[35mRecipe Load (0.3ms)[0m  SELECT  "recipes".* FROM "recipes" WHERE "recipes"."id" = ? LIMIT 1  [["id", 1]]
  [1m[36mIngredient Load (0.2ms)[0m  [1mSELECT "ingredients".* FROM "ingredients" WHERE "ingredients"."recipe_id" = ?[0m  [["recipe_id", 1]]
  [1m[35mRecipe Load (0.5ms)[0m  SELECT "recipes".* FROM "recipes"
  [1m[36mRecipe Load (0.3ms)[0m  [1mSELECT  "recipes".* FROM "recipes" WHERE "recipes"."id" = ? LIMIT 1[0m  [["id", 5]]
  [1m[35mIngredient Load (0.2ms)[0m  SELECT "ingredients".* FROM "ingredients" WHERE "ingredients"."recipe_id" = ?  [["recipe_id", 5]]
  [1m[36mIngredient Load (0.4ms)[0m  [1mSELECT "ingredients".* FROM "ingredients"[0m
  [1m[35mIngredient Load (0.2ms)[0m  SELECT  "ingredients".* FROM "ingredients" WHERE "ingredients"."id" = ? LIMIT 1  [["id", 1]]
  [1m[36mIngredient Load (0.2ms)[0m  [1mSELECT  "ingredients".* FROM "ingredients" WHERE "ingredients"."id" = ? LIMIT 1[0m  [["id", 1]]
  [1m[35mRecipe Load (0.2ms)[0m  SELECT  "recipes".* FROM "recipes" WHERE "recipes"."id" = ? LIMIT 1  [["id", 5]]
